1,08 : DISK;
2,08 : ITLB;
3,04 : DISK;
4,23 : ITLB;   DISK
5,2B : DISK;   DTLB
6,00 : ITLB;
7,02 : DISK;
8,04 : ITLB;
9,23 : ITLB,ICACHE;   DTLB
10,2B : ITLB;   DISK
11,00 : ITLB;
12,02 : ITLB,ICACHE;
13,04 : ITLB;
14,23 : ITLB;   DTLB
15,2B : ITLB,ICACHE;   DTLB
16,00 : ITLB;
17,02 : ITLB;
18,04 : ITLB,ICACHE;
19,00 : ITLB;
20,00 : DISK;
21,04 : ITLB;
22,23 : DISK;   DTLB
23,00 : ITLB;
24,02 : DISK;
25,04 : ITLB,ICACHE;
26,23 : ITLB,ICACHE;   DTLB
27,00 : ITLB,ICACHE;
28,02 : ITLB,ICACHE;
29,04 : ITLB,ICACHE;
30,23 : ITLB,ICACHE;   DTLB , DCACHE
31,00 : ITLB,ICACHE;
32,02 : ITLB,ICACHE;
33,04 : ITLB,ICACHE;
34,23 : ITLB,ICACHE;   DTLB , DCACHE
35,00 : ITLB,ICACHE;
36,02 : ITLB,ICACHE;
37,04 : ITLB,ICACHE;
38,23 : ITLB,ICACHE;   DTLB
39,00 : ITLB,ICACHE;
40,02 : ITLB,ICACHE;
41,04 : ITLB,ICACHE;
42,23 : ITLB,ICACHE;   DTLB
43,00 : ITLB,ICACHE;
44,02 : ITLB,ICACHE;
45,04 : ITLB,ICACHE;
